  stdafx.cpp
  CSSO-Laborator1.cpp
c:\users\dorian\documents\facultate\csso\csso-laborator1\csso-laborator1\csso-laborator1.cpp(53): warning C4477: 'printf' : format string '%s' requires an argument of type 'char *', but variadic argument 1 has type 'WCHAR *'
  c:\users\dorian\documents\facultate\csso\csso-laborator1\csso-laborator1\csso-laborator1.cpp(53): note: consider using '%ls' in the format string
  c:\users\dorian\documents\facultate\csso\csso-laborator1\csso-laborator1\csso-laborator1.cpp(53): note: consider using '%lls' in the format string
  c:\users\dorian\documents\facultate\csso\csso-laborator1\csso-laborator1\csso-laborator1.cpp(53): note: consider using '%Ls' in the format string
  c:\users\dorian\documents\facultate\csso\csso-laborator1\csso-laborator1\csso-laborator1.cpp(53): note: consider using '%ws' in the format string
c:\users\dorian\documents\facultate\csso\csso-laborator1\csso-laborator1\csso-laborator1.cpp(56): warning C4477: 'printf' : format string '%s' requires an argument of type 'char *', but variadic argument 1 has type 'WCHAR *'
  c:\users\dorian\documents\facultate\csso\csso-laborator1\csso-laborator1\csso-laborator1.cpp(56): note: consider using '%ls' in the format string
  c:\users\dorian\documents\facultate\csso\csso-laborator1\csso-laborator1\csso-laborator1.cpp(56): note: consider using '%lls' in the format string
  c:\users\dorian\documents\facultate\csso\csso-laborator1\csso-laborator1\csso-laborator1.cpp(56): note: consider using '%Ls' in the format string
  c:\users\dorian\documents\facultate\csso\csso-laborator1\csso-laborator1\csso-laborator1.cpp(56): note: consider using '%ws' in the format string
c:\users\dorian\documents\facultate\csso\csso-laborator1\csso-laborator1\csso-laborator1.cpp(17): warning C4101: 'b': unreferenced local variable
c:\users\dorian\documents\facultate\csso\csso-laborator1\csso-laborator1\csso-laborator1.cpp(20): warning C4101: 'c': unreferenced local variable
c:\users\dorian\documents\facultate\csso\csso-laborator1\csso-laborator1\csso-laborator1.cpp(18): warning C4101: 'w': unreferenced local variable
c:\users\dorian\documents\facultate\csso\csso-laborator1\csso-laborator1\csso-laborator1.cpp(19): warning C4101: 'dw': unreferenced local variable
  Generating code
  All 4 functions were compiled because no usable IPDB/IOBJ from previous compilation was found.
  Finished generating code
  CSSO-Laborator1.vcxproj -> C:\Users\Dorian\Documents\Facultate\CSSO\CSSO-Laborator1\Release\CSSO-Laborator1.exe
